  Cell.cpp
  Field.cpp
  Player.cpp
  Troll.cpp
  main.cpp
C:\education\programming\lab_1_oop\lab1\main.cpp(44,14): warning C4244: инициализация: преобразование "sf::Int64" в "float", возможна потеря данных
C:\education\programming\lab_1_oop\lab1\main.cpp(78,35): warning C4244: аргумент: преобразование "int" в "float", возможна потеря данных
C:\education\programming\lab_1_oop\lab1\main.cpp(78,27): warning C4244: аргумент: преобразование "int" в "float", возможна потеря данных
C:\education\programming\lab_1_oop\lab1\main.cpp(83,35): warning C4244: аргумент: преобразование "int" в "float", возможна потеря данных
C:\education\programming\lab_1_oop\lab1\main.cpp(83,27): warning C4244: аргумент: преобразование "int" в "float", возможна потеря данных
C:\education\programming\lab_1_oop\lab1\main.cpp(88,35): warning C4244: аргумент: преобразование "int" в "float", возможна потеря данных
C:\education\programming\lab_1_oop\lab1\main.cpp(88,27): warning C4244: аргумент: преобразование "int" в "float", возможна потеря данных
C:\education\programming\lab_1_oop\lab1\main.cpp(93,35): warning C4244: аргумент: преобразование "int" в "float", возможна потеря данных
C:\education\programming\lab_1_oop\lab1\main.cpp(93,27): warning C4244: аргумент: преобразование "int" в "float", возможна потеря данных
C:\education\programming\lab_1_oop\lab1\main.cpp(98,35): warning C4244: аргумент: преобразование "int" в "float", возможна потеря данных
C:\education\programming\lab_1_oop\lab1\main.cpp(98,27): warning C4244: аргумент: преобразование "int" в "float", возможна потеря данных
  Создание кода
  34 of 100 functions (34.0%) were compiled, the rest were copied from previous compilation.
    0 functions were new in current compilation
    6 functions had inline decision re-evaluated but remain unchanged
  Создание кода завершено
  lab1.vcxproj -> C:\education\programming\lab_1_oop\lab1\x64\Release\lab1.exe
