c:\education\programming\lab_1_oop\lab1\x64\debug\vc142.pdb
c:\education\programming\lab_1_oop\lab1\x64\debug\vc142.idb
c:\education\programming\lab_1_oop\lab1\x64\debug\powerpotion.obj
c:\education\programming\lab_1_oop\lab1\x64\debug\point.obj
c:\education\programming\lab_1_oop\lab1\x64\debug\player.obj
c:\education\programming\lab_1_oop\lab1\x64\debug\orc.obj
c:\education\programming\lab_1_oop\lab1\x64\debug\mandalorianarmor.obj
c:\education\programming\lab_1_oop\lab1\x64\debug\main.obj
c:\education\programming\lab_1_oop\lab1\x64\debug\healthpotion.obj
c:\education\programming\lab_1_oop\lab1\x64\debug\goblin.obj
c:\education\programming\lab_1_oop\lab1\x64\debug\field.obj
c:\education\programming\lab_1_oop\lab1\x64\debug\cell.obj
c:\education\programming\lab_1_oop\lab1\x64\debug\battery.obj
c:\education\programming\lab_1_oop\lab1\x64\debug\troll.obj
c:\education\programming\lab_1_oop\lab1\x64\debug\game.obj
c:\education\programming\lab_1_oop\lab1\x64\debug\logger.obj
c:\education\programming\lab_1_oop\lab1\x64\debug\logger2.obj
c:\education\programming\lab_1_oop\lab1\x64\debug\rules.obj
c:\education\programming\lab_1_oop\lab1\x64\debug\input.obj
c:\education\programming\lab_1_oop\lab1\x64\debug\graphics.obj
c:\education\programming\lab_1_oop\lab1\x64\debug\drawable.obj
c:\education\programming\lab_1_oop\lab1\x64\debug\sfmlscene.obj
c:\education\programming\lab_1_oop\lab1\x64\debug\lab1.exe
c:\education\programming\lab_1_oop\lab1\x64\debug\lab1.ilk
c:\education\programming\lab_1_oop\lab1\x64\debug\lab1.pdb
c:\education\programming\lab_1_oop\lab1\x64\debug\lab1.tlog\cl.command.1.tlog
c:\education\programming\lab_1_oop\lab1\x64\debug\lab1.tlog\cl.read.1.tlog
c:\education\programming\lab_1_oop\lab1\x64\debug\lab1.tlog\cl.write.1.tlog
c:\education\programming\lab_1_oop\lab1\x64\debug\lab1.tlog\link.command.1.tlog
c:\education\programming\lab_1_oop\lab1\x64\debug\lab1.tlog\link.read.1.tlog
c:\education\programming\lab_1_oop\lab1\x64\debug\lab1.tlog\link.write.1.tlog
